This is pdfTeX, Version 3.14159265-2.6-1.40.21 (TeX Live 2020/W32TeX) (preloaded format=pdflatex 2020.10.27)  21 MAR 2021 09:46
entering extended mode
 restricted \write18 enabled.
 file:line:error style messages enabled.
 %&-line parsing enabled.
**f:/IEEEmanuscript/paper_latex.tex
(f:/IEEEmanuscript/paper_latex.tex
LaTeX2e <2020-02-02> patch level 5
L3 programming layer <2020-03-06> (d:/Program/texlive/2020/texmf-dist/tex/latex/IEEEtran/IEEEtran.cls
Document Class: IEEEtran 2015/08/26 V1.8b by Michael Shell
-- See the "IEEEtran_HOWTO" manual for usage information.
-- http://www.michaelshell.org/tex/ieeetran/
\@IEEEtrantmpdimenA=\dimen134
\@IEEEtrantmpdimenB=\dimen135
\@IEEEtrantmpdimenC=\dimen136
\@IEEEtrantmpcountA=\count167
\@IEEEtrantmpcountB=\count168
\@IEEEtrantmpcountC=\count169
\@IEEEtrantmptoksA=\toks15
LaTeX Font Info:    Trying to load font information for OT1+ptm on input line 503.
(d:/Program/texlive/2020/texmf-dist/tex/latex/psnfss/ot1ptm.fd
File: ot1ptm.fd 2001/06/04 font definitions for OT1/ptm.
)
-- Using 8.5in x 11in (letter) paper.
-- Using PDF output.
\@IEEEnormalsizeunitybaselineskip=\dimen137
-- This is a 10 point document.
\CLASSINFOnormalsizebaselineskip=\dimen138
\CLASSINFOnormalsizeunitybaselineskip=\dimen139
\IEEEnormaljot=\dimen140
LaTeX Font Info:    Font shape `OT1/ptm/bx/n' in size <5> not available
(Font)              Font shape `OT1/ptm/b/n' tried instead on input line 1090.
LaTeX Font Info:    Font shape `OT1/ptm/bx/it' in size <5> not available
(Font)              Font shape `OT1/ptm/b/it' tried instead on input line 1090.
LaTeX Font Info:    Font shape `OT1/ptm/bx/n' in size <7> not available
(Font)              Font shape `OT1/ptm/b/n' tried instead on input line 1090.
LaTeX Font Info:    Font shape `OT1/ptm/bx/it' in size <7> not available
(Font)              Font shape `OT1/ptm/b/it' tried instead on input line 1090.
LaTeX Font Info:    Font shape `OT1/ptm/bx/n' in size <8> not available
(Font)              Font shape `OT1/ptm/b/n' tried instead on input line 1090.
LaTeX Font Info:    Font shape `OT1/ptm/bx/it' in size <8> not available
(Font)              Font shape `OT1/ptm/b/it' tried instead on input line 1090.
LaTeX Font Info:    Font shape `OT1/ptm/bx/n' in size <9> not available
(Font)              Font shape `OT1/ptm/b/n' tried instead on input line 1090.
LaTeX Font Info:    Font shape `OT1/ptm/bx/it' in size <9> not available
(Font)              Font shape `OT1/ptm/b/it' tried instead on input line 1090.
LaTeX Font Info:    Font shape `OT1/ptm/bx/n' in size <10> not available
(Font)              Font shape `OT1/ptm/b/n' tried instead on input line 1090.
LaTeX Font Info:    Font shape `OT1/ptm/bx/it' in size <10> not available
(Font)              Font shape `OT1/ptm/b/it' tried instead on input line 1090.
LaTeX Font Info:    Font shape `OT1/ptm/bx/n' in size <11> not available
(Font)              Font shape `OT1/ptm/b/n' tried instead on input line 1090.
LaTeX Font Info:    Font shape `OT1/ptm/bx/it' in size <11> not available
(Font)              Font shape `OT1/ptm/b/it' tried instead on input line 1090.
LaTeX Font Info:    Font shape `OT1/ptm/bx/n' in size <12> not available
(Font)              Font shape `OT1/ptm/b/n' tried instead on input line 1090.
LaTeX Font Info:    Font shape `OT1/ptm/bx/it' in size <12> not available
(Font)              Font shape `OT1/ptm/b/it' tried instead on input line 1090.
LaTeX Font Info:    Font shape `OT1/ptm/bx/n' in size <17> not available
(Font)              Font shape `OT1/ptm/b/n' tried instead on input line 1090.
LaTeX Font Info:    Font shape `OT1/ptm/bx/it' in size <17> not available
(Font)              Font shape `OT1/ptm/b/it' tried instead on input line 1090.
LaTeX Font Info:    Font shape `OT1/ptm/bx/n' in size <20> not available
(Font)              Font shape `OT1/ptm/b/n' tried instead on input line 1090.
LaTeX Font Info:    Font shape `OT1/ptm/bx/it' in size <20> not available
(Font)              Font shape `OT1/ptm/b/it' tried instead on input line 1090.
LaTeX Font Info:    Font shape `OT1/ptm/bx/n' in size <24> not available
(Font)              Font shape `OT1/ptm/b/n' tried instead on input line 1090.
LaTeX Font Info:    Font shape `OT1/ptm/bx/it' in size <24> not available
(Font)              Font shape `OT1/ptm/b/it' tried instead on input line 1090.
\IEEEquantizedlength=\dimen141
\IEEEquantizedlengthdiff=\dimen142
\IEEEquantizedtextheightdiff=\dimen143
\IEEEilabelindentA=\dimen144
\IEEEilabelindentB=\dimen145
\IEEEilabelindent=\dimen146
\IEEEelabelindent=\dimen147
\IEEEdlabelindent=\dimen148
\IEEElabelindent=\dimen149
\IEEEiednormlabelsep=\dimen150
\IEEEiedmathlabelsep=\dimen151
\IEEEiedtopsep=\skip47
\c@section=\count170
\c@subsection=\count171
\c@subsubsection=\count172
\c@paragraph=\count173
\c@IEEEsubequation=\count174
\abovecaptionskip=\skip48
\belowcaptionskip=\skip49
\c@figure=\count175
\c@table=\count176
\@IEEEeqnnumcols=\count177
\@IEEEeqncolcnt=\count178
\@IEEEsubeqnnumrollback=\count179
\@IEEEquantizeheightA=\dimen152
\@IEEEquantizeheightB=\dimen153
\@IEEEquantizeheightC=\dimen154
\@IEEEquantizeprevdepth=\dimen155
\@IEEEquantizemultiple=\count180
\@IEEEquantizeboxA=\box45
\@IEEEtmpitemindent=\dimen156
\IEEEPARstartletwidth=\dimen157
\c@IEEEbiography=\count181
\@IEEEtranrubishbin=\box46
) (d:/Program/texlive/2020/texmf-dist/tex/latex/graphics/graphicx.sty
Package: graphicx 2019/11/30 v1.2a Enhanced LaTeX Graphics (DPC,SPQR)
 (d:/Program/texlive/2020/texmf-dist/tex/latex/graphics/keyval.sty
Package: keyval 2014/10/28 v1.15 key=value parser (DPC)
\KV@toks@=\toks16
) (d:/Program/texlive/2020/texmf-dist/tex/latex/graphics/graphics.sty
Package: graphics 2019/11/30 v1.4a Standard LaTeX Graphics (DPC,SPQR)
 (d:/Program/texlive/2020/texmf-dist/tex/latex/graphics/trig.sty
Package: trig 2016/01/03 v1.10 sin cos tan (DPC)
) (d:/Program/texlive/2020/texmf-dist/tex/latex/graphics-cfg/graphics.cfg
File: graphics.cfg 2016/06/04 v1.11 sample graphics configuration
)
Package graphics Info: Driver file: pdftex.def on input line 105.
 (d:/Program/texlive/2020/texmf-dist/tex/latex/graphics-def/pdftex.def
File: pdftex.def 2018/01/08 v1.0l Graphics/color driver for pdftex
))
\Gin@req@height=\dimen158
\Gin@req@width=\dimen159
) (d:/Program/texlive/2020/texmf-dist/tex/latex/threeparttable/threeparttable.sty
Package: threeparttable 2003/06/13  v 3.0
\@tempboxb=\box47
) (d:/Program/texlive/2020/texmf-dist/tex/latex/amsmath/amsmath.sty
Package: amsmath 2020/01/20 v2.17e AMS math features
\@mathmargin=\skip50

For additional information on amsmath, use the `?' option.
(d:/Program/texlive/2020/texmf-dist/tex/latex/amsmath/amstext.sty
Package: amstext 2000/06/29 v2.01 AMS text
 (d:/Program/texlive/2020/texmf-dist/tex/latex/amsmath/amsgen.sty
File: amsgen.sty 1999/11/30 v2.0 generic functions
\@emptytoks=\toks17
\ex@=\dimen160
)) (d:/Program/texlive/2020/texmf-dist/tex/latex/amsmath/amsbsy.sty
Package: amsbsy 1999/11/29 v1.2d Bold Symbols
\pmbraise@=\dimen161
) (d:/Program/texlive/2020/texmf-dist/tex/latex/amsmath/amsopn.sty
Package: amsopn 2016/03/08 v2.02 operator names
)
\inf@bad=\count182
LaTeX Info: Redefining \frac on input line 227.
\uproot@=\count183
\leftroot@=\count184
LaTeX Info: Redefining \overline on input line 389.
\classnum@=\count185
\DOTSCASE@=\count186
LaTeX Info: Redefining \ldots on input line 486.
LaTeX Info: Redefining \dots on input line 489.
LaTeX Info: Redefining \cdots on input line 610.
\Mathstrutbox@=\box48
\strutbox@=\box49
\big@size=\dimen162
LaTeX Font Info:    Redeclaring font encoding OML on input line 733.
LaTeX Font Info:    Redeclaring font encoding OMS on input line 734.
\macc@depth=\count187
\c@MaxMatrixCols=\count188
\dotsspace@=\muskip16
\c@parentequation=\count189
\dspbrk@lvl=\count190
\tag@help=\toks18
\row@=\count191
\column@=\count192
\maxfields@=\count193
\andhelp@=\toks19
\eqnshift@=\dimen163
\alignsep@=\dimen164
\tagshift@=\dimen165
\tagwidth@=\dimen166
\totwidth@=\dimen167
\lineht@=\dimen168
\@envbody=\toks20
\multlinegap=\skip51
\multlinetaggap=\skip52
\mathdisplay@stack=\toks21
LaTeX Info: Redefining \[ on input line 2859.
LaTeX Info: Redefining \] on input line 2860.
) (d:/Program/texlive/2020/texmf-dist/tex/latex/hyperref/hyperref.sty
Package: hyperref 2020/01/14 v7.00d Hypertext links for LaTeX
 (d:/Program/texlive/2020/texmf-dist/tex/generic/ltxcmds/ltxcmds.sty
Package: ltxcmds 2019/12/15 v1.24 LaTeX kernel commands for general use (HO)
) (d:/Program/texlive/2020/texmf-dist/tex/generic/iftex/iftex.sty
Package: iftex 2020/03/06 v1.0d TeX engine tests
) (d:/Program/texlive/2020/texmf-dist/tex/latex/pdftexcmds/pdftexcmds.sty
Package: pdftexcmds 2019/11/24 v0.31 Utility functions of pdfTeX for LuaTeX (HO)
 (d:/Program/texlive/2020/texmf-dist/tex/generic/infwarerr/infwarerr.sty
Package: infwarerr 2019/12/03 v1.5 Providing info/warning/error messages (HO)
)
Package pdftexcmds Info: \pdf@primitive is available.
Package pdftexcmds Info: \pdf@ifprimitive is available.
Package pdftexcmds Info: \pdfdraftmode found.
) (d:/Program/texlive/2020/texmf-dist/tex/generic/kvsetkeys/kvsetkeys.sty
Package: kvsetkeys 2019/12/15 v1.18 Key value parser (HO)
) (d:/Program/texlive/2020/texmf-dist/tex/generic/kvdefinekeys/kvdefinekeys.sty
Package: kvdefinekeys 2019-12-19 v1.6 Define keys (HO)
) (d:/Program/texlive/2020/texmf-dist/tex/generic/pdfescape/pdfescape.sty
Package: pdfescape 2019/12/09 v1.15 Implements pdfTeX's escape features (HO)
) (d:/Program/texlive/2020/texmf-dist/tex/latex/hycolor/hycolor.sty
Package: hycolor 2020-01-27 v1.10 Color options for hyperref/bookmark (HO)
) (d:/Program/texlive/2020/texmf-dist/tex/latex/letltxmacro/letltxmacro.sty
Package: letltxmacro 2019/12/03 v1.6 Let assignment for LaTeX macros (HO)
) (d:/Program/texlive/2020/texmf-dist/tex/latex/auxhook/auxhook.sty
Package: auxhook 2019-12-17 v1.6 Hooks for auxiliary files (HO)
) (d:/Program/texlive/2020/texmf-dist/tex/latex/kvoptions/kvoptions.sty
Package: kvoptions 2019/11/29 v3.13 Key value format for package options (HO)
)
\@linkdim=\dimen169
\Hy@linkcounter=\count194
\Hy@pagecounter=\count195
 (d:/Program/texlive/2020/texmf-dist/tex/latex/hyperref/pd1enc.def
File: pd1enc.def 2020/01/14 v7.00d Hyperref: PDFDocEncoding definition (HO)
Now handling font encoding PD1 ...
... no UTF-8 mapping file for font encoding PD1
) (d:/Program/texlive/2020/texmf-dist/tex/generic/intcalc/intcalc.sty
Package: intcalc 2019/12/15 v1.3 Expandable calculations with integers (HO)
) (d:/Program/texlive/2020/texmf-dist/tex/generic/etexcmds/etexcmds.sty
Package: etexcmds 2019/12/15 v1.7 Avoid name clashes with e-TeX commands (HO)
)
\Hy@SavedSpaceFactor=\count196
Package hyperref Info: Hyper figures OFF on input line 4547.
Package hyperref Info: Link nesting OFF on input line 4552.
Package hyperref Info: Hyper index ON on input line 4555.
Package hyperref Info: Plain pages OFF on input line 4562.
Package hyperref Info: Backreferencing OFF on input line 4567.
Package hyperref Info: Implicit mode ON; LaTeX internals redefined.
Package hyperref Info: Bookmarks ON on input line 4800.
\c@Hy@tempcnt=\count197
 (d:/Program/texlive/2020/texmf-dist/tex/latex/url/url.sty
\Urlmuskip=\muskip17
Package: url 2013/09/16  ver 3.4  Verb mode for urls, etc.
)
LaTeX Info: Redefining \url on input line 5159.
\XeTeXLinkMargin=\dimen170
 (d:/Program/texlive/2020/texmf-dist/tex/generic/bitset/bitset.sty
Package: bitset 2019/12/09 v1.3 Handle bit-vector datatype (HO)
 (d:/Program/texlive/2020/texmf-dist/tex/generic/bigintcalc/bigintcalc.sty
Package: bigintcalc 2019/12/15 v1.5 Expandable calculations on big integers (HO)
))
\Fld@menulength=\count198
\Field@Width=\dimen171
\Fld@charsize=\dimen172
Package hyperref Info: Hyper figures OFF on input line 6430.
Package hyperref Info: Link nesting OFF on input line 6435.
Package hyperref Info: Hyper index ON on input line 6438.
Package hyperref Info: backreferencing OFF on input line 6445.
Package hyperref Info: Link coloring OFF on input line 6450.
Package hyperref Info: Link coloring with OCG OFF on input line 6455.
Package hyperref Info: PDF/A mode OFF on input line 6460.
LaTeX Info: Redefining \ref on input line 6500.
LaTeX Info: Redefining \pageref on input line 6504.
 (d:/Program/texlive/2020/texmf-dist/tex/generic/atbegshi/atbegshi.sty
Package: atbegshi 2019/12/05 v1.19 At begin shipout hook (HO)
)
\Hy@abspage=\count199
\c@Item=\count266
\c@Hfootnote=\count267
)
Package hyperref Info: Driver (autodetected): hpdftex.
 (d:/Program/texlive/2020/texmf-dist/tex/latex/hyperref/hpdftex.def
File: hpdftex.def 2020/01/14 v7.00d Hyperref driver for pdfTeX
 (d:/Program/texlive/2020/texmf-dist/tex/latex/atveryend/atveryend.sty
Package: atveryend 2019-12-11 v1.11 Hooks at the very end of document (HO)
Package atveryend Info: \enddocument detected (standard20110627).
)
\Fld@listcount=\count268
\c@bookmark@seq@number=\count269
 (d:/Program/texlive/2020/texmf-dist/tex/latex/rerunfilecheck/rerunfilecheck.sty
Package: rerunfilecheck 2019/12/05 v1.9 Rerun checks for auxiliary files (HO)
 (d:/Program/texlive/2020/texmf-dist/tex/generic/uniquecounter/uniquecounter.sty
Package: uniquecounter 2019/12/15 v1.4 Provide unlimited unique counter (HO)
)
Package uniquecounter Info: New unique counter `rerunfilecheck' on input line 286.
)
\Hy@SectionHShift=\skip53
) (d:/Program/texlive/2020/texmf-dist/tex/latex/multirow/multirow.sty
Package: multirow 2019/05/31 v2.5 Span multiple rows of a table
\multirow@colwidth=\skip54
\multirow@cntb=\count270
\multirow@dima=\skip55
\bigstrutjot=\dimen173
) (d:/Program/texlive/2020/texmf-dist/tex/latex/booktabs/booktabs.sty
Package: booktabs 2020/01/12 v1.61803398 Publication quality tables
\heavyrulewidth=\dimen174
\lightrulewidth=\dimen175
\cmidrulewidth=\dimen176
\belowrulesep=\dimen177
\belowbottomsep=\dimen178
\aboverulesep=\dimen179
\abovetopsep=\dimen180
\cmidrulesep=\dimen181
\cmidrulekern=\dimen182
\defaultaddspace=\dimen183
\@cmidla=\count271
\@cmidlb=\count272
\@aboverulesep=\dimen184
\@belowrulesep=\dimen185
\@thisruleclass=\count273
\@lastruleclass=\count274
\@thisrulewidth=\dimen186
) (d:/Program/texlive/2020/texmf-dist/tex/latex/marvosym/marvosym.sty
Package: marvosym 2011/07/20 v2.2 Martin Vogel's Symbols font definitions
) (d:/Program/texlive/2020/texmf-dist/tex/latex/subfigure/subfigure.sty
Package: subfigure 2002/03/15 v2.1.5 subfigure package
\subfigtopskip=\skip56
\subfigcapskip=\skip57
\subfigcaptopadj=\dimen187
\subfigbottomskip=\skip58
\subfigcapmargin=\dimen188
\subfiglabelskip=\skip59
\c@subfigure=\count275
\c@lofdepth=\count276
\c@subtable=\count277
\c@lotdepth=\count278

****************************************
* Local config file subfigure.cfg used *
****************************************
(d:/Program/texlive/2020/texmf-dist/tex/latex/subfigure/subfigure.cfg)
\subfig@top=\skip60
\subfig@bottom=\skip61
) (d:/Program/texlive/2020/texmf-dist/tex/latex/lipsum/lipsum.sty (d:/Program/texlive/2020/texmf-dist/tex/latex/l3kernel/expl3.sty
Package: expl3 2020-03-06 L3 programming layer (loader) 
 (d:/Program/texlive/2020/texmf-dist/tex/latex/l3backend/l3backend-pdfmode.def
File: l3backend-pdfmode.def 2020-03-12 L3 backend support: PDF mode
\l__kernel_color_stack_int=\count279
\l__pdf_internal_box=\box50
)) (d:/Program/texlive/2020/texmf-dist/tex/latex/l3packages/xparse/xparse.sty
Package: xparse 2020-03-06 L3 Experimental document command parser
\l__xparse_current_arg_int=\count280
\g__xparse_grabber_int=\count281
\l__xparse_m_args_int=\count282
\l__xparse_v_nesting_int=\count283
)
Package: lipsum 2019/01/02 v2.2 150 paragraphs of Lorem Ipsum dummy text
 (d:/Program/texlive/2020/texmf-dist/tex/latex/lipsum/lipsum.ltd.tex
File: lipsum.ltd.tex 2019/01/02 v2.2 The Lorem ipsum dummy text
)) (f:/IEEEmanuscript/paper_latex.aux)
\openout1 = `paper_latex.aux'.

LaTeX Font Info:    Checking defaults for OML/cmm/m/it on input line 44.
LaTeX Font Info:    ... okay on input line 44.
LaTeX Font Info:    Checking defaults for OMS/cmsy/m/n on input line 44.
LaTeX Font Info:    ... okay on input line 44.
LaTeX Font Info:    Checking defaults for OT1/cmr/m/n on input line 44.
LaTeX Font Info:    ... okay on input line 44.
LaTeX Font Info:    Checking defaults for T1/cmr/m/n on input line 44.
LaTeX Font Info:    ... okay on input line 44.
LaTeX Font Info:    Checking defaults for TS1/cmr/m/n on input line 44.
LaTeX Font Info:    ... okay on input line 44.
LaTeX Font Info:    Checking defaults for OMX/cmex/m/n on input line 44.
LaTeX Font Info:    ... okay on input line 44.
LaTeX Font Info:    Checking defaults for U/cmr/m/n on input line 44.
LaTeX Font Info:    ... okay on input line 44.
LaTeX Font Info:    Checking defaults for PD1/pdf/m/n on input line 44.
LaTeX Font Info:    ... okay on input line 44.

-- Lines per column: 58 (exact).
(d:/Program/texlive/2020/texmf-dist/tex/context/base/mkii/supp-pdf.mkii
[Loading MPS to PDF converter (version 2006.09.02).]
\scratchcounter=\count284
\scratchdimen=\dimen189
\scratchbox=\box51
\nofMPsegments=\count285
\nofMParguments=\count286
\everyMPshowfont=\toks22
\MPscratchCnt=\count287
\MPscratchDim=\dimen190
\MPnumerator=\count288
\makeMPintoPDFobject=\count289
\everyMPtoPDFconversion=\toks23
) (d:/Program/texlive/2020/texmf-dist/tex/latex/epstopdf-pkg/epstopdf-base.sty
Package: epstopdf-base 2020-01-24 v2.11 Base part for package epstopdf
Package epstopdf-base Info: Redefining graphics rule for `.eps' on input line 485.
 (d:/Program/texlive/2020/texmf-dist/tex/latex/latexconfig/epstopdf-sys.cfg
File: epstopdf-sys.cfg 2010/07/13 v1.3 Configuration of (r)epstopdf for TeX Live
))
\AtBeginShipoutBox=\box52
Package hyperref Info: Link coloring OFF on input line 44.
 (d:/Program/texlive/2020/texmf-dist/tex/latex/hyperref/nameref.sty
Package: nameref 2019/09/16 v2.46 Cross-referencing by name of section
 (d:/Program/texlive/2020/texmf-dist/tex/latex/refcount/refcount.sty
Package: refcount 2019/12/15 v3.6 Data extraction from label references (HO)
) (d:/Program/texlive/2020/texmf-dist/tex/generic/gettitlestring/gettitlestring.sty
Package: gettitlestring 2019/12/15 v1.6 Cleanup title references (HO)
)
\c@section@level=\count290
)
LaTeX Info: Redefining \ref on input line 44.
LaTeX Info: Redefining \pageref on input line 44.
LaTeX Info: Redefining \nameref on input line 44.
 (f:/IEEEmanuscript/paper_latex.out) (f:/IEEEmanuscript/paper_latex.out)
\@outlinefile=\write3
\openout3 = `paper_latex.out'.

LaTeX Font Info:    Calculating math sizes for size <11> on input line 124.
LaTeX Font Info:    Trying to load font information for U+mvs on input line 124.
 (d:/Program/texlive/2020/texmf-dist/tex/latex/marvosym/umvs.fd) [1{d:/Program/texlive/2020/texmf-var/fonts/map/pdftex/updmap/pdftex.map}


]

pdfTeX warning: pdflatex.exe (file f:/IEEEmanuscript/pictures/HEVCprediction.pdf): PDF inclusion: found PDF version <1.7>, but at most version <1.5> allowed
<pictures/HEVCprediction.pdf, id=100, 665.48625pt x 467.7475pt>
File: pictures/HEVCprediction.pdf Graphic file (type pdf)
<use pictures/HEVCprediction.pdf>
Package pdftex.def Info: pictures/HEVCprediction.pdf  used on input line 186.
(pdftex.def)             Requested size: 398.33858pt x 279.97975pt.
<pictures/residual.jpg, id=101, 396.48125pt x 413.04312pt>
File: pictures/residual.jpg Graphic file (type jpg)
<use pictures/residual.jpg>
Package pdftex.def Info: pictures/residual.jpg  used on input line 197.
(pdftex.def)             Requested size: 250.38434pt x 260.84879pt.
LaTeX Font Info:    Trying to load font information for TS1+ptm on input line 198.
(d:/Program/texlive/2020/texmf-dist/tex/latex/psnfss/ts1ptm.fd
File: ts1ptm.fd 2001/06/04 font definitions for TS1/ptm.
) [2]
Underfull \vbox (badness 10000) has occurred while \output is active []


Underfull \vbox (badness 1248) has occurred while \output is active []

 [3 <f:/IEEEmanuscript/pictures/HEVCprediction.pdf> <f:/IEEEmanuscript/pictures/residual.jpg>]

pdfTeX warning: pdflatex.exe (file f:/IEEEmanuscript/pictures/l-shaped block illustration a.pdf): PDF inclusion: found PDF version <1.7>, but at most version <1.5> allowed
<pictures/l-shaped block illustration a.pdf, id=167, 171.13937pt x 171.64125pt>
File: pictures/l-shaped block illustration a.pdf Graphic file (type pdf)
<use pictures/l-shaped block illustration a.pdf>
Package pdftex.def Info: pictures/l-shaped block illustration a.pdf  used on input line 224.
(pdftex.def)             Requested size: 85.35826pt x 85.61087pt.


pdfTeX warning: pdflatex.exe (file f:/IEEEmanuscript/pictures/l-shaped block illustration b.pdf): PDF inclusion: found PDF version <1.7>, but at most version <1.5> allowed
<pictures/l-shaped block illustration b.pdf, id=168, 172.645pt x 172.645pt>
File: pictures/l-shaped block illustration b.pdf Graphic file (type pdf)
<use pictures/l-shaped block illustration b.pdf>
Package pdftex.def Info: pictures/l-shaped block illustration b.pdf  used on input line 227.
(pdftex.def)             Requested size: 85.35826pt x 85.35811pt.


pdfTeX warning: pdflatex.exe (file f:/IEEEmanuscript/pictures/Lprediction.pdf): PDF inclusion: found PDF version <1.7>, but at most version <1.5> allowed
<pictures/Lprediction.pdf, id=172, 323.2075pt x 219.31938pt>
File: pictures/Lprediction.pdf Graphic file (type pdf)
<use pictures/Lprediction.pdf>
Package pdftex.def Info: pictures/Lprediction.pdf  used on input line 250.
(pdftex.def)             Requested size: 398.33858pt x 270.31674pt.
[4 <f:/IEEEmanuscript/pictures/l-shaped block illustration a.pdf> <f:/IEEEmanuscript/pictures/l-shaped block illustration b.pdf

pdfTeX warning: pdflatex.exe (file f:/IEEEmanuscript/pictures/l-shaped block illustration b.pdf): PDF inclusion: multiple pdfs with page group included in a single page
>]

LaTeX Warning: No positions in optional float specifier.
               Default added (so using `tbp') on input line 270.


LaTeX Warning: No positions in optional float specifier.
               Default added (so using `tbp') on input line 296.

[5 <f:/IEEEmanuscript/pictures/Lprediction.pdf>]

pdfTeX warning: pdflatex.exe (file f:/IEEEmanuscript/pictures/partitioning process.pdf): PDF inclusion: found PDF version <1.7>, but at most version <1.5> allowed
<pictures/partitioning process.pdf, id=251, 607.39925pt x 280.98776pt>
File: pictures/partitioning process.pdf Graphic file (type pdf)
<use pictures/partitioning process.pdf>
Package pdftex.def Info: pictures/partitioning process.pdf  used on input line 329.
(pdftex.def)             Requested size: 398.33858pt x 184.2777pt.

Underfull \vbox (badness 2435) has occurred while \output is active []


Underfull \vbox (badness 10000) has occurred while \output is active []

 [6]

pdfTeX warning: pdflatex.exe (file f:/IEEEmanuscript/pictures/flowchart.pdf): PDF inclusion: found PDF version <1.7>, but at most version <1.5> allowed
<pictures/flowchart.pdf, id=260, 519.9425pt x 310.15875pt>
File: pictures/flowchart.pdf Graphic file (type pdf)
<use pictures/flowchart.pdf>
Package pdftex.def Info: pictures/flowchart.pdf  used on input line 342.
(pdftex.def)             Requested size: 512.1496pt x 305.51053pt.
[7 <f:/IEEEmanuscript/pictures/partitioning process.pdf>]

pdfTeX warning: pdflatex.exe (file f:/IEEEmanuscript/pictures/eleven cases.pdf): PDF inclusion: found PDF version <1.7>, but at most version <1.5> allowed
<pictures/eleven cases.pdf, id=286, 960.08687pt x 391.96437pt>
File: pictures/eleven cases.pdf Graphic file (type pdf)
<use pictures/eleven cases.pdf>
Package pdftex.def Info: pictures/eleven cases.pdf  used on input line 366.
(pdftex.def)             Requested size: 250.38434pt x 102.21933pt.


pdfTeX warning: pdflatex.exe (file f:/IEEEmanuscript/pictures/special.pdf): PDF inclusion: found PDF version <1.7>, but at most version <1.5> allowed
<pictures/special.pdf, id=288, 356.33125pt x 185.19188pt>
File: pictures/special.pdf Graphic file (type pdf)
<use pictures/special.pdf>
Package pdftex.def Info: pictures/special.pdf  used on input line 375.
(pdftex.def)             Requested size: 250.38434pt x 130.12793pt.
[8 <f:/IEEEmanuscript/pictures/flowchart.pdf> <f:/IEEEmanuscript/pictures/eleven cases.pdf

pdfTeX warning: pdflatex.exe (file f:/IEEEmanuscript/pictures/eleven cases.pdf): PDF inclusion: multiple pdfs with page group included in a single page
>]
LaTeX Info: Symbol \textrightarrow not provided by
            font family ptm in TS1 encoding.
            Default family used instead on input line 386.
LaTeX Info: Symbol \textrightarrow not provided by
            font family ptm in TS1 encoding.
            Default family used instead on input line 386.
LaTeX Info: Symbol \textrightarrow not provided by
            font family ptm in TS1 encoding.
            Default family used instead on input line 386.
LaTeX Info: Symbol \textrightarrow not provided by
            font family ptm in TS1 encoding.
            Default family used instead on input line 386.
LaTeX Info: Symbol \textrightarrow not provided by
            font family ptm in TS1 encoding.
            Default family used instead on input line 386.
LaTeX Info: Symbol \textrightarrow not provided by
            font family ptm in TS1 encoding.
            Default family used instead on input line 388.
LaTeX Info: Symbol \textrightarrow not provided by
            font family ptm in TS1 encoding.
            Default family used instead on input line 388.
LaTeX Info: Symbol \textrightarrow not provided by
            font family ptm in TS1 encoding.
            Default family used instead on input line 388.
LaTeX Info: Symbol \textrightarrow not provided by
            font family ptm in TS1 encoding.
            Default family used instead on input line 388.
LaTeX Info: Symbol \textrightarrow not provided by
            font family ptm in TS1 encoding.
            Default family used instead on input line 392.
LaTeX Info: Symbol \textrightarrow not provided by
            font family ptm in TS1 encoding.
            Default family used instead on input line 392.
LaTeX Info: Symbol \textrightarrow not provided by
            font family ptm in TS1 encoding.
            Default family used instead on input line 392.
LaTeX Info: Symbol \textrightarrow not provided by
            font family ptm in TS1 encoding.
            Default family used instead on input line 392.
LaTeX Info: Symbol \textrightarrow not provided by
            font family ptm in TS1 encoding.
            Default family used instead on input line 392.


pdfTeX warning: pdflatex.exe (file f:/IEEEmanuscript/pictures/optimization.pdf): PDF inclusion: found PDF version <1.7>, but at most version <1.5> allowed
<pictures/optimization.pdf, id=326, 172.645pt x 172.645pt>
File: pictures/optimization.pdf Graphic file (type pdf)
<use pictures/optimization.pdf>
Package pdftex.def Info: pictures/optimization.pdf  used on input line 411.
(pdftex.def)             Requested size: 113.81102pt x 113.81169pt.
<pictures/RaceHorseshevc.jpg, id=329, 581.7735pt x 291.489pt>
File: pictures/RaceHorseshevc.jpg Graphic file (type jpg)
<use pictures/RaceHorseshevc.jpg>
Package pdftex.def Info: pictures/RaceHorseshevc.jpg  used on input line 468.
(pdftex.def)             Requested size: 312.9803pt x 156.81905pt.
<pictures/RaceHorsesnew.jpg, id=330, 874.467pt x 437.83575pt>
File: pictures/RaceHorsesnew.jpg Graphic file (type jpg)
<use pictures/RaceHorsesnew.jpg>
Package pdftex.def Info: pictures/RaceHorsesnew.jpg  used on input line 471.
(pdftex.def)             Requested size: 312.9803pt x 156.70547pt.
LaTeX Info: Symbol \textrightarrow not provided by
            font family ptm in TS1 encoding.
            Default family used instead on input line 480.
LaTeX Info: Symbol \textrightarrow not provided by
            font family ptm in TS1 encoding.
            Default family used instead on input line 480.
[9 <f:/IEEEmanuscript/pictures/special.pdf>] [10 <f:/IEEEmanuscript/pictures/optimization.pdf>] (f:/IEEEmanuscript/paper_latex.bbl [11 <f:/IEEEmanuscript/pictures/RaceHorseshevc.jpg> <f:/IEEEmanuscript/pictures/RaceHorsesnew.jpg>])
Package atveryend Info: Empty hook `BeforeClearDocument' on input line 567.
 [12]
Package atveryend Info: Empty hook `AfterLastShipout' on input line 567.
 (f:/IEEEmanuscript/paper_latex.aux)
Package atveryend Info: Executing hook `AtVeryEndDocument' on input line 567.
Package atveryend Info: Executing hook `AtEndAfterFileList' on input line 567.
Package rerunfilecheck Info: File `paper_latex.out' has not changed.
(rerunfilecheck)             Checksum: 93A2828D3AD2AD9CFDE98A174C377896;1341.
Package atveryend Info: Empty hook `AtVeryVeryEnd' on input line 567.
 ) 
Here is how much of TeX's memory you used:
 8062 strings out of 480608
 132884 string characters out of 5903607
 591263 words of memory out of 5000000
 23703 multiletter control sequences out of 15000+600000
 574928 words of font info for 102 fonts, out of 8000000 for 9000
 1144 hyphenation exceptions out of 8191
 36i,15n,36p,3355b,459s stack positions out of 5000i,500n,10000p,200000b,80000s
{d:/Program/texlive/2020/texmf-dist/fonts/enc/dvips/cm-super/cm-super-ts1.enc}{d:/Program/texlive/2020/texmf-dist/fonts/enc/dvips/base/8r.enc}<d:/Program/texlive/2020/texmf-dist/fonts/type1/public/amsfonts/cm/cmex10.pfb><d:/Program/texlive/2020/texmf-dist/fonts/type1/public/amsfonts/cm/cmmi10.pfb><d:/Program/texlive/2020/texmf-dist/fonts/type1/public/amsfonts/cm/cmmi7.pfb><d:/Program/texlive/2020/texmf-dist/fonts/type1/public/amsfonts/cm/cmr10.pfb><d:/Program/texlive/2020/texmf-dist/fonts/type1/public/amsfonts/cm/cmr7.pfb><d:/Program/texlive/2020/texmf-dist/fonts/type1/public/amsfonts/cm/cmsy10.pfb><d:/Program/texlive/2020/texmf-dist/fonts/type1/public/amsfonts/cm/cmsy7.pfb><d:/Program/texlive/2020/texmf-dist/fonts/type1/public/amsfonts/cm/cmsy8.pfb><d:/Program/texlive/2020/texmf-dist/fonts/type1/public/marvosym/marvosym.pfb><d:/Program/texlive/2020/texmf-dist/fonts/type1/public/cm-super/sfrm1000.pfb><d:/Program/texlive/2020/texmf-dist/fonts/type1/urw/times/utmb8a.pfb><d:/Program/texlive/2020/texmf-dist/fonts/type1/urw/times/utmbi8a.pfb><d:/Program/texlive/2020/texmf-dist/fonts/type1/urw/times/utmr8a.pfb><d:/Program/texlive/2020/texmf-dist/fonts/type1/urw/times/utmri8a.pfb>
Output written on f:/IEEEmanuscript/paper_latex.pdf (12 pages, 1121531 bytes).
PDF statistics:
 457 PDF objects out of 1000 (max. 8388607)
 398 compressed objects within 4 object streams
 89 named destinations out of 1000 (max. 500000)
 197 words of extra memory for PDF output out of 10000 (max. 10000000)

